<?xml version="1.0" encoding="UTF-8"?>
<testsuite xmlns:xsi="http://www.w3.org/2001/XMLSchema-instance" xsi:noNamespaceSchemaLocation="https://maven.apache.org/surefire/maven-surefire-plugin/xsd/surefire-test-report-3.0.xsd" version="3.0" name="com.example.reservationproject.ReservationProjectApplicationTests" time="15.448" tests="3" errors="0" skipped="0" failures="0">
  <properties>
[...]
</properties>
  <testcase name="testCreateOverlappingReservation" classname="com.example.reservationproject.ReservationProjectApplicationTests" time="1.931">
    <system-out><![CDATA[21:41:13.765 [main] INFO org.springframework.test.context.support.AnnotationConfigContextLoaderUtils -- Could not detect default configuration classes for test class [com.example.reservationproject.ReservationProjectApplicationTests]: ReservationProjectApplicationTests does not declare any static, non-private, non-final, nested classes annotated with @Configuration.
21:41:14.161 [main] INFO org.springframework.boot.test.context.SpringBootTestContextBootstrapper -- Found @SpringBootConfiguration com.example.reservationproject.ReservationProjectApplication for test class com.example.reservationproject.ReservationProjectApplicationTests

  .   ____          _            __ _ _
 /\\ / ___'_ __ _ _(_)_ __  __ _ \ \ \ \
( ( )\___ | '_ | '_| | '_ \/ _` | \ \ \ \
 \\/  ___)| |_)| | | | | || (_| |  ) ) ) )
  '  |____| .__|_| |_|_| |_\__, | / / / /
 =========|_|==============|___/=/_/_/_/
 :: Spring Boot ::                (v3.2.0)

2023-12-10T21:41:15.425+01:00  INFO 23272 --- [           main] c.e.r.ReservationProjectApplicationTests : Starting ReservationProjectApplicationTests using Java 17.0.6 with PID 23272 (started by atodo in C:\Users\atodo\Desktop\ReservationApplication\ReservationApplication\backend)
2023-12-10T21:41:15.430+01:00  INFO 23272 --- [           main] c.e.r.ReservationProjectApplicationTests : The following 1 profile is active: "dev"
2023-12-10T21:41:16.936+01:00  INFO 23272 --- [           main] .s.d.r.c.RepositoryConfigurationDelegate : Bootstrapping Spring Data JPA repositories in DEFAULT mode.
2023-12-10T21:41:17.108+01:00  INFO 23272 --- [           main] .s.d.r.c.RepositoryConfigurationDelegate : Finished Spring Data repository scanning in 150 ms. Found 2 JPA repository interfaces.
2023-12-10T21:41:17.280+01:00  INFO 23272 --- [           main] beddedDataSourceBeanFactoryPostProcessor : Replacing 'dataSource' DataSource bean with embedded version
2023-12-10T21:41:17.967+01:00  INFO 23272 --- [           main] o.s.j.d.e.EmbeddedDatabaseFactory        : Starting embedded database: url='jdbc:h2:mem:fcfc16ec-4b74-4eef-a0ac-627834d96e0f;DB_CLOSE_DELAY=-1;DB_CLOSE_ON_EXIT=false', username='sa'
2023-12-10T21:41:18.781+01:00  INFO 23272 --- [           main] o.hibernate.jpa.internal.util.LogHelper  : HHH000204: Processing PersistenceUnitInfo [name: default]
2023-12-10T21:41:18.928+01:00  INFO 23272 --- [           main] org.hibernate.Version                    : HHH000412: Hibernate ORM core version 6.3.1.Final
2023-12-10T21:41:19.008+01:00  INFO 23272 --- [           main] o.h.c.internal.RegionFactoryInitiator    : HHH000026: Second-level cache disabled
2023-12-10T21:41:19.748+01:00  INFO 23272 --- [           main] o.s.o.j.p.SpringPersistenceUnitInfo      : No LoadTimeWeaver setup: ignoring JPA class transformer
2023-12-10T21:41:19.918+01:00  WARN 23272 --- [           main] org.hibernate.dialect.Dialect            : HHH000511: The 2.2.0 version for [org.hibernate.dialect.PostgreSQLDialect] is no longer supported, hence certain features may not work properly. The minimum supported version is 11.0.0. Check the community dialects project for available legacy versions.
2023-12-10T21:41:19.942+01:00  WARN 23272 --- [           main] org.hibernate.orm.deprecation            : HHH90000025: PostgreSQLDialect does not need to be specified explicitly using 'hibernate.dialect' (remove the property setting and it will be selected by default)
2023-12-10T21:41:22.712+01:00  INFO 23272 --- [           main] o.h.e.t.j.p.i.JtaPlatformInitiator       : HHH000489: No JTA platform available (set 'hibernate.transaction.jta.platform' to enable JTA platform integration)
Hibernate: create table reservation (id bigserial not null, end_at timestamp(6), start_at timestamp(6), title varchar(255), room_id bigint, primary key (id))
Hibernate: create table room (id bigserial not null, name varchar(255), primary key (id))
Hibernate: alter table if exists reservation add constraint FKm8xumi0g23038cw32oiva2ymw foreign key (room_id) references room
2023-12-10T21:41:22.860+01:00  INFO 23272 --- [           main] j.LocalContainerEntityManagerFactoryBean : Initialized JPA EntityManagerFactory for persistence unit 'default'
2023-12-10T21:41:24.011+01:00  INFO 23272 --- [           main] o.s.d.j.r.query.QueryEnhancerFactory     : Hibernate is in classpath; If applicable, HQL parser will be used.
2023-12-10T21:41:25.770+01:00  INFO 23272 --- [           main] c.e.r.ReservationProjectApplicationTests : Started ReservationProjectApplicationTests in 11.389 seconds (process running for 14.355)
Hibernate: select r1_0.id,r1_0.name from room r1_0 where r1_0.name=?
Hibernate: insert into room (name) values (?)
Hibernate: select r1_0.id,r1_0.name from room r1_0 where r1_0.name=?
Hibernate: insert into room (name) values (?)
Hibernate: insert into room (name) values (?)
Hibernate: insert into reservation (end_at,room_id,start_at,title) values (?,?,?,?)
Hibernate: insert into reservation (end_at,room_id,start_at,title) values (?,?,?,?)
]]></system-out>
    <system-err><![CDATA[SLF4J: Class path contains multiple SLF4J providers.
SLF4J: Found provider [ch.qos.logback.classic.spi.LogbackServiceProvider@21b2e768]
SLF4J: Found provider [org.slf4j.simple.SimpleServiceProvider@57250572]
SLF4J: See https://www.slf4j.org/codes.html#multiple_bindings for an explanation.
SLF4J: Actual provider is of type [ch.qos.logback.classic.spi.LogbackServiceProvider@21b2e768]
]]></system-err>
  </testcase>
  <testcase name="testFindReservationsByRoomId" classname="com.example.reservationproject.ReservationProjectApplicationTests" time="0.072">
    <system-out><![CDATA[Hibernate: insert into room (name) values (?)
Hibernate: insert into reservation (end_at,room_id,start_at,title) values (?,?,?,?)
Hibernate: insert into reservation (end_at,room_id,start_at,title) values (?,?,?,?)
Hibernate: select r1_0.id,r1_0.end_at,r1_0.room_id,r1_0.start_at,r1_0.title from reservation r1_0 where r1_0.room_id=?
]]></system-out>
  </testcase>
  <testcase name="testCreateAndRetrieveReservation" classname="com.example.reservationproject.ReservationProjectApplicationTests" time="0.042">
    <system-out><![CDATA[Hibernate: insert into room (name) values (?)
Hibernate: insert into reservation (end_at,room_id,start_at,title) values (?,?,?,?)
]]></system-out>
  </testcase>
</testsuite>